[0.017s] Invoking command in '/home/enzo/repos/atom-chess/simulation/build/atom_control': CMAKE_PREFIX_PATH=${CMAKE_PREFIX_PATH}:/opt/ros/lyrical /usr/bin/cmake /home/enzo/repos/atom-chess/simulation/src/atom_control -DCMAKE_INSTALL_PREFIX=/home/enzo/repos/atom-chess/simulation/install/atom_control
[0.076s] -- Found ament_cmake: 2.8.7 (/opt/ros/lyrical/share/ament_cmake/cmake)
[0.278s] -- Found rclcpp: 32.0.0 (/opt/ros/lyrical/share/rclcpp/cmake)
[0.327s] -- Found rosidl_generator_c: 5.2.1 (/opt/ros/lyrical/share/rosidl_generator_c/cmake)
[0.336s] -- Found rosidl_generator_cpp: 5.2.1 (/opt/ros/lyrical/share/rosidl_generator_cpp/cmake)
[0.355s] -- Using all available rosidl_typesupport_c: rosidl_typesupport_fastrtps_c;rosidl_typesupport_introspection_c
[0.373s] -- Using all available rosidl_typesupport_cpp: rosidl_typesupport_fastrtps_cpp;rosidl_typesupport_introspection_cpp
[0.459s] -- Found rmw_implementation_cmake: 7.10.1 (/opt/ros/lyrical/share/rmw_implementation_cmake/cmake)
[0.461s] -- Found rmw_fastrtps_cpp: 9.4.8 (/opt/ros/lyrical/share/rmw_fastrtps_cpp/cmake)
[0.501s] -- Using RMW implementation 'rmw_fastrtps_cpp' as default
[0.605s] -- Found rclcpp_action: 32.0.0 (/opt/ros/lyrical/share/rclcpp_action/cmake)
[0.657s] -- Found control_msgs: 6.9.0 (/opt/ros/lyrical/share/control_msgs/cmake)
[0.910s] -- Configuring done (0.8s)
[0.935s] -- Generating done (0.0s)
[0.996s] -- Build files have been written to: /home/enzo/repos/atom-chess/simulation/build/atom_control
[1.002s] Invoked command in '/home/enzo/repos/atom-chess/simulation/build/atom_control' returned '0': CMAKE_PREFIX_PATH=${CMAKE_PREFIX_PATH}:/opt/ros/lyrical /usr/bin/cmake /home/enzo/repos/atom-chess/simulation/src/atom_control -DCMAKE_INSTALL_PREFIX=/home/enzo/repos/atom-chess/simulation/install/atom_control
[1.003s] Invoking command in '/home/enzo/repos/atom-chess/simulation/build/atom_control': CMAKE_PREFIX_PATH=${CMAKE_PREFIX_PATH}:/opt/ros/lyrical /usr/bin/cmake --build /home/enzo/repos/atom-chess/simulation/build/atom_control -- -j12 -l12
[1.073s] [ 50%] [32mBuilding CXX object CMakeFiles/scara_commander.dir/src/scara_commander.cpp.o[0m
[1.139s] [100%] [1m[32mLinking CXX executable scara_commander[0m
[1.710s] /usr/bin/x86_64-linux-gnu-ld.bfd: /usr/lib/gcc/x86_64-linux-gnu/15/../../../x86_64-linux-gnu/Scrt1.o: in function `_start':
[1.710s] (.text+0x1b): undefined reference to `main'
[1.713s] collect2: error: ld returned 1 exit status
[1.716s] gmake[2]: *** [CMakeFiles/scara_commander.dir/build.make:230: scara_commander] Error 1
[1.716s] gmake[1]: *** [CMakeFiles/Makefile2:153: CMakeFiles/scara_commander.dir/all] Error 2
[1.716s] gmake: *** [Makefile:146: all] Error 2
[1.720s] Invoked command in '/home/enzo/repos/atom-chess/simulation/build/atom_control' returned '2': CMAKE_PREFIX_PATH=${CMAKE_PREFIX_PATH}:/opt/ros/lyrical /usr/bin/cmake --build /home/enzo/repos/atom-chess/simulation/build/atom_control -- -j12 -l12
