[0.014s] Invoking command in '/home/enzo/repos/atom-chess/simulation/build/atom_description': CMAKE_PREFIX_PATH=${CMAKE_PREFIX_PATH}:/opt/ros/lyrical /usr/bin/cmake --build /home/enzo/repos/atom-chess/simulation/build/atom_description -- -j12 -l12
[0.062s] Invoked command in '/home/enzo/repos/atom-chess/simulation/build/atom_description' returned '0': CMAKE_PREFIX_PATH=${CMAKE_PREFIX_PATH}:/opt/ros/lyrical /usr/bin/cmake --build /home/enzo/repos/atom-chess/simulation/build/atom_description -- -j12 -l12
[0.074s] Invoking command in '/home/enzo/repos/atom-chess/simulation/build/atom_description': CMAKE_PREFIX_PATH=${CMAKE_PREFIX_PATH}:/opt/ros/lyrical /usr/bin/cmake --install /home/enzo/repos/atom-chess/simulation/build/atom_description
[0.085s] -- Install configuration: ""
[0.085s] -- Execute custom install script
[0.088s] -- Symlinking: /home/enzo/repos/atom-chess/simulation/install/atom_description/share/atom_description/urdf/atom.urdf.xacro
[0.101s] -- Symlinking: /home/enzo/repos/atom-chess/simulation/install/atom_description/share/atom_description/meshes/arm1.stl
[0.112s] -- Symlinking: /home/enzo/repos/atom-chess/simulation/install/atom_description/share/atom_description/meshes/arm2.stl
[0.124s] -- Symlinking: /home/enzo/repos/atom-chess/simulation/install/atom_description/share/atom_description/meshes/base.stl
[0.138s] -- Symlinking: /home/enzo/repos/atom-chess/simulation/install/atom_description/share/atom_description/meshes/gripper_back.stl
[0.150s] -- Symlinking: /home/enzo/repos/atom-chess/simulation/install/atom_description/share/atom_description/meshes/gripper_hand1.stl
[0.162s] -- Symlinking: /home/enzo/repos/atom-chess/simulation/install/atom_description/share/atom_description/meshes/gripper_hand2.stl
[0.178s] -- Symlinking: /home/enzo/repos/atom-chess/simulation/install/atom_description/share/atom_description/meshes/z_axis.stl
[0.196s] -- Symlinking: /home/enzo/repos/atom-chess/simulation/install/atom_description/share/atom_description/launch/view_robot.launch.py
[0.211s] [31mCMake Error at ament_cmake_symlink_install/ament_cmake_symlink_install.cmake:105 (message):
[0.211s]   ament_cmake_symlink_install_directory() can't find
[0.211s]   '/home/enzo/repos/atom-chess/simulation/src/atom_description/config'
[0.211s] Call Stack (most recent call first):
[0.212s]   ament_cmake_symlink_install/ament_cmake_symlink_install.cmake:323 (ament_cmake_symlink_install_directory)
[0.212s]   cmake_install.cmake:46 (include)
[0.212s] 
[0.212s] [0m
[0.216s] Invoked command in '/home/enzo/repos/atom-chess/simulation/build/atom_description' returned '1': CMAKE_PREFIX_PATH=${CMAKE_PREFIX_PATH}:/opt/ros/lyrical /usr/bin/cmake --install /home/enzo/repos/atom-chess/simulation/build/atom_description
