[0.021s] Invoking command in '/home/enzo/repos/atom-chess/simulation/build/atom_description': CMAKE_PREFIX_PATH=${CMAKE_PREFIX_PATH}:/opt/ros/lyrical /usr/bin/cmake --build /home/enzo/repos/atom-chess/simulation/build/atom_description -- -j12 -l12
[0.100s] -- Found ament_cmake: 2.8.7 (/opt/ros/lyrical/share/ament_cmake/cmake)
[0.301s] -- Override CMake install command with custom implementation using symlinks instead of copying resources
[0.417s] -- Configuring done (0.3s)
[0.429s] -- Generating done (0.0s)
[0.431s] -- Build files have been written to: /home/enzo/repos/atom-chess/simulation/build/atom_description
[0.459s] Invoked command in '/home/enzo/repos/atom-chess/simulation/build/atom_description' returned '0': CMAKE_PREFIX_PATH=${CMAKE_PREFIX_PATH}:/opt/ros/lyrical /usr/bin/cmake --build /home/enzo/repos/atom-chess/simulation/build/atom_description -- -j12 -l12
[0.471s] Invoking command in '/home/enzo/repos/atom-chess/simulation/build/atom_description': CMAKE_PREFIX_PATH=${CMAKE_PREFIX_PATH}:/opt/ros/lyrical /usr/bin/cmake --install /home/enzo/repos/atom-chess/simulation/build/atom_description
[0.480s] -- Install configuration: ""
[0.481s] -- Execute custom install script
[0.481s] -- Up-to-date symlink: /home/enzo/repos/atom-chess/simulation/install/atom_description/share/atom_description/urdf/atom.urdf.xacro
[0.482s] -- Up-to-date symlink: /home/enzo/repos/atom-chess/simulation/install/atom_description/share/atom_description/meshes/arm1.stl
[0.482s] -- Up-to-date symlink: /home/enzo/repos/atom-chess/simulation/install/atom_description/share/atom_description/meshes/arm2.stl
[0.482s] -- Up-to-date symlink: /home/enzo/repos/atom-chess/simulation/install/atom_description/share/atom_description/meshes/base.stl
[0.483s] -- Up-to-date symlink: /home/enzo/repos/atom-chess/simulation/install/atom_description/share/atom_description/meshes/gripper_back.stl
[0.483s] -- Up-to-date symlink: /home/enzo/repos/atom-chess/simulation/install/atom_description/share/atom_description/meshes/gripper_hand1.stl
[0.483s] -- Up-to-date symlink: /home/enzo/repos/atom-chess/simulation/install/atom_description/share/atom_description/meshes/gripper_hand2.stl
[0.484s] -- Up-to-date symlink: /home/enzo/repos/atom-chess/simulation/install/atom_description/share/atom_description/meshes/z_axis.stl
[0.484s] -- Symlinking: /home/enzo/repos/atom-chess/simulation/install/atom_description/share/atom_description/launch/display.launch.py
[0.496s] -- Up-to-date symlink: /home/enzo/repos/atom-chess/simulation/install/atom_description/share/atom_description/launch/view_robot.launch.py
[0.496s] -- Up-to-date symlink: /home/enzo/repos/atom-chess/simulation/install/atom_description/share/ament_index/resource_index/package_run_dependencies/atom_description
[0.497s] -- Up-to-date symlink: /home/enzo/repos/atom-chess/simulation/install/atom_description/share/ament_index/resource_index/parent_prefix_path/atom_description
[0.497s] -- Up-to-date symlink: /home/enzo/repos/atom-chess/simulation/install/atom_description/share/atom_description/environment/ament_prefix_path.sh
[0.497s] -- Up-to-date symlink: /home/enzo/repos/atom-chess/simulation/install/atom_description/share/atom_description/environment/ament_prefix_path.dsv
[0.497s] -- Up-to-date symlink: /home/enzo/repos/atom-chess/simulation/install/atom_description/share/atom_description/environment/path.sh
[0.497s] -- Up-to-date symlink: /home/enzo/repos/atom-chess/simulation/install/atom_description/share/atom_description/environment/path.dsv
[0.498s] -- Up-to-date symlink: /home/enzo/repos/atom-chess/simulation/install/atom_description/share/atom_description/local_setup.bash
[0.498s] -- Up-to-date symlink: /home/enzo/repos/atom-chess/simulation/install/atom_description/share/atom_description/local_setup.fish
[0.498s] -- Up-to-date symlink: /home/enzo/repos/atom-chess/simulation/install/atom_description/share/atom_description/local_setup.sh
[0.498s] -- Up-to-date symlink: /home/enzo/repos/atom-chess/simulation/install/atom_description/share/atom_description/local_setup.zsh
[0.498s] -- Up-to-date symlink: /home/enzo/repos/atom-chess/simulation/install/atom_description/share/atom_description/local_setup.dsv
[0.499s] -- Symlinking: /home/enzo/repos/atom-chess/simulation/install/atom_description/share/atom_description/package.dsv
[0.512s] -- Up-to-date symlink: /home/enzo/repos/atom-chess/simulation/install/atom_description/share/ament_index/resource_index/packages/atom_description
[0.512s] -- Up-to-date symlink: /home/enzo/repos/atom-chess/simulation/install/atom_description/share/atom_description/cmake/atom_descriptionConfig.cmake
[0.512s] -- Up-to-date symlink: /home/enzo/repos/atom-chess/simulation/install/atom_description/share/atom_description/cmake/atom_descriptionConfig-version.cmake
[0.513s] -- Up-to-date symlink: /home/enzo/repos/atom-chess/simulation/install/atom_description/share/atom_description/package.xml
[0.515s] Invoked command in '/home/enzo/repos/atom-chess/simulation/build/atom_description' returned '0': CMAKE_PREFIX_PATH=${CMAKE_PREFIX_PATH}:/opt/ros/lyrical /usr/bin/cmake --install /home/enzo/repos/atom-chess/simulation/build/atom_description
