[0.019s] Invoking command in '/home/enzo/repos/atom-chess/simulation/build/atom_description': CMAKE_PREFIX_PATH=${CMAKE_PREFIX_PATH}:/opt/ros/lyrical /usr/bin/cmake --build /home/enzo/repos/atom-chess/simulation/build/atom_description -- -j12 -l12
[0.076s] [0mCMake Deprecation Warning at CMakeLists.txt:1 (cmake_minimum_required):
[0.077s]   Compatibility with CMake < 3.10 will be removed from a future version of
[0.077s]   CMake.
[0.077s] 
[0.077s]   Update the VERSION argument <min> value.  Or, use the <min>...<max> syntax
[0.077s]   to tell CMake that the project requires at least <min> but has been updated
[0.077s]   to work with policies introduced by <max> or earlier.
[0.077s] 
[0.077s] [0m
[0.089s] -- Found ament_cmake: 2.8.7 (/opt/ros/lyrical/share/ament_cmake/cmake)
[0.286s] -- Override CMake install command with custom implementation using symlinks instead of copying resources
[0.398s] -- Configuring done (0.3s)
[0.411s] -- Generating done (0.0s)
[0.413s] -- Build files have been written to: /home/enzo/repos/atom-chess/simulation/build/atom_description
[0.441s] Invoked command in '/home/enzo/repos/atom-chess/simulation/build/atom_description' returned '0': CMAKE_PREFIX_PATH=${CMAKE_PREFIX_PATH}:/opt/ros/lyrical /usr/bin/cmake --build /home/enzo/repos/atom-chess/simulation/build/atom_description -- -j12 -l12
[0.453s] Invoking command in '/home/enzo/repos/atom-chess/simulation/build/atom_description': CMAKE_PREFIX_PATH=${CMAKE_PREFIX_PATH}:/opt/ros/lyrical /usr/bin/cmake --install /home/enzo/repos/atom-chess/simulation/build/atom_description
[0.462s] -- Install configuration: ""
[0.462s] -- Execute custom install script
[0.463s] -- Up-to-date symlink: /home/enzo/repos/atom-chess/simulation/install/atom_description/share/atom_description/urdf/atom.urdf.xacro
[0.463s] -- Up-to-date symlink: /home/enzo/repos/atom-chess/simulation/install/atom_description/share/atom_description/meshes/arm1.stl
[0.464s] -- Up-to-date symlink: /home/enzo/repos/atom-chess/simulation/install/atom_description/share/atom_description/meshes/arm2.stl
[0.464s] -- Up-to-date symlink: /home/enzo/repos/atom-chess/simulation/install/atom_description/share/atom_description/meshes/base.stl
[0.464s] -- Up-to-date symlink: /home/enzo/repos/atom-chess/simulation/install/atom_description/share/atom_description/meshes/gripper_back.stl
[0.464s] -- Up-to-date symlink: /home/enzo/repos/atom-chess/simulation/install/atom_description/share/atom_description/meshes/gripper_hand1.stl
[0.465s] -- Up-to-date symlink: /home/enzo/repos/atom-chess/simulation/install/atom_description/share/atom_description/meshes/gripper_hand2.stl
[0.465s] -- Up-to-date symlink: /home/enzo/repos/atom-chess/simulation/install/atom_description/share/atom_description/meshes/z_axis.stl
[0.466s] -- Up-to-date symlink: /home/enzo/repos/atom-chess/simulation/install/atom_description/share/atom_description/launch/view_robot.launch.py
[0.466s] -- Up-to-date symlink: /home/enzo/repos/atom-chess/simulation/install/atom_description/share/ament_index/resource_index/package_run_dependencies/atom_description
[0.466s] -- Up-to-date symlink: /home/enzo/repos/atom-chess/simulation/install/atom_description/share/ament_index/resource_index/parent_prefix_path/atom_description
[0.467s] -- Up-to-date symlink: /home/enzo/repos/atom-chess/simulation/install/atom_description/share/atom_description/environment/ament_prefix_path.sh
[0.467s] -- Up-to-date symlink: /home/enzo/repos/atom-chess/simulation/install/atom_description/share/atom_description/environment/ament_prefix_path.dsv
[0.467s] -- Up-to-date symlink: /home/enzo/repos/atom-chess/simulation/install/atom_description/share/atom_description/environment/path.sh
[0.467s] -- Up-to-date symlink: /home/enzo/repos/atom-chess/simulation/install/atom_description/share/atom_description/environment/path.dsv
[0.467s] -- Up-to-date symlink: /home/enzo/repos/atom-chess/simulation/install/atom_description/share/atom_description/local_setup.bash
[0.468s] -- Up-to-date symlink: /home/enzo/repos/atom-chess/simulation/install/atom_description/share/atom_description/local_setup.fish
[0.468s] -- Up-to-date symlink: /home/enzo/repos/atom-chess/simulation/install/atom_description/share/atom_description/local_setup.sh
[0.468s] -- Up-to-date symlink: /home/enzo/repos/atom-chess/simulation/install/atom_description/share/atom_description/local_setup.zsh
[0.468s] -- Up-to-date symlink: /home/enzo/repos/atom-chess/simulation/install/atom_description/share/atom_description/local_setup.dsv
[0.469s] -- Symlinking: /home/enzo/repos/atom-chess/simulation/install/atom_description/share/atom_description/package.dsv
[0.480s] -- Up-to-date symlink: /home/enzo/repos/atom-chess/simulation/install/atom_description/share/ament_index/resource_index/packages/atom_description
[0.481s] -- Up-to-date symlink: /home/enzo/repos/atom-chess/simulation/install/atom_description/share/atom_description/cmake/atom_descriptionConfig.cmake
[0.481s] -- Up-to-date symlink: /home/enzo/repos/atom-chess/simulation/install/atom_description/share/atom_description/cmake/atom_descriptionConfig-version.cmake
[0.481s] -- Up-to-date symlink: /home/enzo/repos/atom-chess/simulation/install/atom_description/share/atom_description/package.xml
[0.484s] Invoked command in '/home/enzo/repos/atom-chess/simulation/build/atom_description' returned '0': CMAKE_PREFIX_PATH=${CMAKE_PREFIX_PATH}:/opt/ros/lyrical /usr/bin/cmake --install /home/enzo/repos/atom-chess/simulation/build/atom_description
