[0.177s] Invoking command in '/home/enzo/repos/atom-chess/simulation/build/atom_control': CMAKE_PREFIX_PATH=/home/enzo/repos/atom-chess/simulation/install/motion:/home/enzo/repos/atom-chess/simulation/install/atom_control:/home/enzo/repos/atom-chess/simulation/install/atom_description:/opt/ros/lyrical/opt/gz_sim_vendor:/opt/ros/lyrical/opt/gz_sensors_vendor:/opt/ros/lyrical/opt/gz_gui_vendor:/opt/ros/lyrical/opt/gz_transport_vendor:/opt/ros/lyrical/opt/gz_physics_vendor:/opt/ros/lyrical/opt/sdformat_vendor:/opt/ros/lyrical/opt/gz_rendering_vendor:/opt/ros/lyrical/opt/gz_plugin_vendor:/opt/ros/lyrical/opt/gz_fuel_tools_vendor:/opt/ros/lyrical/opt/gz_msgs_vendor:/opt/ros/lyrical/opt/gz_common_vendor:/opt/ros/lyrical/opt/gz_math_vendor:/opt/ros/lyrical/opt/gz_utils_vendor:/opt/ros/lyrical/opt/gz_tools_vendor:/opt/ros/lyrical/opt/gz_ogre_next_vendor:/opt/ros/lyrical/opt/gz_dartsim_vendor:/opt/ros/lyrical/opt/gz_cmake_vendor:/opt/ros/lyrical /usr/bin/cmake --build /home/enzo/repos/atom-chess/simulation/build/atom_control -- -j12 -l12
[0.286s] [100%] Built target scara_commander
[0.299s] Invoked command in '/home/enzo/repos/atom-chess/simulation/build/atom_control' returned '0': CMAKE_PREFIX_PATH=/home/enzo/repos/atom-chess/simulation/install/motion:/home/enzo/repos/atom-chess/simulation/install/atom_control:/home/enzo/repos/atom-chess/simulation/install/atom_description:/opt/ros/lyrical/opt/gz_sim_vendor:/opt/ros/lyrical/opt/gz_sensors_vendor:/opt/ros/lyrical/opt/gz_gui_vendor:/opt/ros/lyrical/opt/gz_transport_vendor:/opt/ros/lyrical/opt/gz_physics_vendor:/opt/ros/lyrical/opt/sdformat_vendor:/opt/ros/lyrical/opt/gz_rendering_vendor:/opt/ros/lyrical/opt/gz_plugin_vendor:/opt/ros/lyrical/opt/gz_fuel_tools_vendor:/opt/ros/lyrical/opt/gz_msgs_vendor:/opt/ros/lyrical/opt/gz_common_vendor:/opt/ros/lyrical/opt/gz_math_vendor:/opt/ros/lyrical/opt/gz_utils_vendor:/opt/ros/lyrical/opt/gz_tools_vendor:/opt/ros/lyrical/opt/gz_ogre_next_vendor:/opt/ros/lyrical/opt/gz_dartsim_vendor:/opt/ros/lyrical/opt/gz_cmake_vendor:/opt/ros/lyrical /usr/bin/cmake --build /home/enzo/repos/atom-chess/simulation/build/atom_control -- -j12 -l12
[0.312s] Invoking command in '/home/enzo/repos/atom-chess/simulation/build/atom_control': CMAKE_PREFIX_PATH=/home/enzo/repos/atom-chess/simulation/install/motion:/home/enzo/repos/atom-chess/simulation/install/atom_control:/home/enzo/repos/atom-chess/simulation/install/atom_description:/opt/ros/lyrical/opt/gz_sim_vendor:/opt/ros/lyrical/opt/gz_sensors_vendor:/opt/ros/lyrical/opt/gz_gui_vendor:/opt/ros/lyrical/opt/gz_transport_vendor:/opt/ros/lyrical/opt/gz_physics_vendor:/opt/ros/lyrical/opt/sdformat_vendor:/opt/ros/lyrical/opt/gz_rendering_vendor:/opt/ros/lyrical/opt/gz_plugin_vendor:/opt/ros/lyrical/opt/gz_fuel_tools_vendor:/opt/ros/lyrical/opt/gz_msgs_vendor:/opt/ros/lyrical/opt/gz_common_vendor:/opt/ros/lyrical/opt/gz_math_vendor:/opt/ros/lyrical/opt/gz_utils_vendor:/opt/ros/lyrical/opt/gz_tools_vendor:/opt/ros/lyrical/opt/gz_ogre_next_vendor:/opt/ros/lyrical/opt/gz_dartsim_vendor:/opt/ros/lyrical/opt/gz_cmake_vendor:/opt/ros/lyrical /usr/bin/cmake --install /home/enzo/repos/atom-chess/simulation/build/atom_control
[0.321s] -- Install configuration: ""
[0.321s] -- Execute custom install script
[0.321s] -- Up-to-date symlink: /home/enzo/repos/atom-chess/simulation/install/atom_control/lib/atom_control/scara_commander
[0.322s] -- Up-to-date symlink: /home/enzo/repos/atom-chess/simulation/install/atom_control/share/atom_control//config/scara_arm_controller/follow_joint_trajectory/controllers.yaml
[0.322s] -- Up-to-date symlink: /home/enzo/repos/atom-chess/simulation/install/atom_control/share/atom_control//launch/robot_sim.launch.py
[0.322s] -- Up-to-date symlink: /home/enzo/repos/atom-chess/simulation/install/atom_control/share/ament_index/resource_index/package_run_dependencies/atom_control
[0.322s] -- Up-to-date symlink: /home/enzo/repos/atom-chess/simulation/install/atom_control/share/ament_index/resource_index/parent_prefix_path/atom_control
[0.322s] -- Up-to-date symlink: /home/enzo/repos/atom-chess/simulation/install/atom_control/share/atom_control/environment/ament_prefix_path.sh
[0.323s] -- Up-to-date symlink: /home/enzo/repos/atom-chess/simulation/install/atom_control/share/atom_control/environment/ament_prefix_path.dsv
[0.323s] -- Up-to-date symlink: /home/enzo/repos/atom-chess/simulation/install/atom_control/share/atom_control/environment/path.sh
[0.323s] -- Up-to-date symlink: /home/enzo/repos/atom-chess/simulation/install/atom_control/share/atom_control/environment/path.dsv
[0.323s] -- Up-to-date symlink: /home/enzo/repos/atom-chess/simulation/install/atom_control/share/atom_control/local_setup.bash
[0.323s] -- Up-to-date symlink: /home/enzo/repos/atom-chess/simulation/install/atom_control/share/atom_control/local_setup.fish
[0.324s] -- Up-to-date symlink: /home/enzo/repos/atom-chess/simulation/install/atom_control/share/atom_control/local_setup.sh
[0.324s] -- Up-to-date symlink: /home/enzo/repos/atom-chess/simulation/install/atom_control/share/atom_control/local_setup.zsh
[0.324s] -- Up-to-date symlink: /home/enzo/repos/atom-chess/simulation/install/atom_control/share/atom_control/local_setup.dsv
[0.324s] -- Symlinking: /home/enzo/repos/atom-chess/simulation/install/atom_control/share/atom_control/package.dsv
[0.337s] -- Up-to-date symlink: /home/enzo/repos/atom-chess/simulation/install/atom_control/share/ament_index/resource_index/packages/atom_control
[0.337s] -- Up-to-date symlink: /home/enzo/repos/atom-chess/simulation/install/atom_control/share/atom_control/cmake/atom_controlConfig.cmake
[0.337s] -- Up-to-date symlink: /home/enzo/repos/atom-chess/simulation/install/atom_control/share/atom_control/cmake/atom_controlConfig-version.cmake
[0.337s] -- Up-to-date symlink: /home/enzo/repos/atom-chess/simulation/install/atom_control/share/atom_control/package.xml
[0.340s] Invoked command in '/home/enzo/repos/atom-chess/simulation/build/atom_control' returned '0': CMAKE_PREFIX_PATH=/home/enzo/repos/atom-chess/simulation/install/motion:/home/enzo/repos/atom-chess/simulation/install/atom_control:/home/enzo/repos/atom-chess/simulation/install/atom_description:/opt/ros/lyrical/opt/gz_sim_vendor:/opt/ros/lyrical/opt/gz_sensors_vendor:/opt/ros/lyrical/opt/gz_gui_vendor:/opt/ros/lyrical/opt/gz_transport_vendor:/opt/ros/lyrical/opt/gz_physics_vendor:/opt/ros/lyrical/opt/sdformat_vendor:/opt/ros/lyrical/opt/gz_rendering_vendor:/opt/ros/lyrical/opt/gz_plugin_vendor:/opt/ros/lyrical/opt/gz_fuel_tools_vendor:/opt/ros/lyrical/opt/gz_msgs_vendor:/opt/ros/lyrical/opt/gz_common_vendor:/opt/ros/lyrical/opt/gz_math_vendor:/opt/ros/lyrical/opt/gz_utils_vendor:/opt/ros/lyrical/opt/gz_tools_vendor:/opt/ros/lyrical/opt/gz_ogre_next_vendor:/opt/ros/lyrical/opt/gz_dartsim_vendor:/opt/ros/lyrical/opt/gz_cmake_vendor:/opt/ros/lyrical /usr/bin/cmake --install /home/enzo/repos/atom-chess/simulation/build/atom_control
