[0.139s] Invoking command in '/home/enzo/repos/atom-chess/simulation/build/atom_control': AMENT_PREFIX_PATH=/home/enzo/repos/atom-chess/simulation/install/motion:${AMENT_PREFIX_PATH} CMAKE_PREFIX_PATH=/home/enzo/repos/atom-chess/simulation/install/motion:/home/enzo/repos/atom-chess/simulation/install/atom_description:/opt/ros/lyrical/opt/gz_sim_vendor:/opt/ros/lyrical/opt/gz_sensors_vendor:/opt/ros/lyrical/opt/gz_gui_vendor:/opt/ros/lyrical/opt/gz_transport_vendor:/opt/ros/lyrical/opt/gz_physics_vendor:/opt/ros/lyrical/opt/sdformat_vendor:/opt/ros/lyrical/opt/gz_rendering_vendor:/opt/ros/lyrical/opt/gz_plugin_vendor:/opt/ros/lyrical/opt/gz_fuel_tools_vendor:/opt/ros/lyrical/opt/gz_msgs_vendor:/opt/ros/lyrical/opt/gz_common_vendor:/opt/ros/lyrical/opt/gz_math_vendor:/opt/ros/lyrical/opt/gz_utils_vendor:/opt/ros/lyrical/opt/gz_tools_vendor:/opt/ros/lyrical/opt/gz_ogre_next_vendor:/opt/ros/lyrical/opt/gz_dartsim_vendor:/opt/ros/lyrical/opt/gz_cmake_vendor:/opt/ros/lyrical LD_LIBRARY_PATH=/home/enzo/repos/atom-chess/simulation/install/motion/lib:${LD_LIBRARY_PATH} /usr/bin/cmake /home/enzo/repos/atom-chess/simulation/src/atom_control -DAMENT_CMAKE_SYMLINK_INSTALL=1 -DCMAKE_INSTALL_PREFIX=/home/enzo/repos/atom-chess/simulation/install/atom_control
[0.380s] -- The C compiler identification is GNU 15.2.0
[1.206s] -- The CXX compiler identification is GNU 15.2.0
[1.806s] -- Detecting C compiler ABI info
[2.033s] -- Detecting C compiler ABI info - done
[2.048s] -- Check for working C compiler: /usr/bin/cc - skipped
[2.049s] -- Detecting C compile features
[2.049s] -- Detecting C compile features - done
[2.063s] -- Detecting CXX compiler ABI info
[2.281s] -- Detecting CXX compiler ABI info - done
[2.296s] -- Check for working CXX compiler: /usr/bin/c++ - skipped
[2.296s] -- Detecting CXX compile features
[2.297s] -- Detecting CXX compile features - done
[2.330s] -- Found ament_cmake: 2.8.7 (/opt/ros/lyrical/share/ament_cmake/cmake)
[2.793s] -- Override CMake install command with custom implementation using symlinks instead of copying resources
[2.874s] -- Found rclcpp: 32.0.0 (/opt/ros/lyrical/share/rclcpp/cmake)
[2.944s] -- Found rosidl_generator_c: 5.2.1 (/opt/ros/lyrical/share/rosidl_generator_c/cmake)
[2.964s] -- Found rosidl_generator_cpp: 5.2.1 (/opt/ros/lyrical/share/rosidl_generator_cpp/cmake)
[2.998s] -- Using all available rosidl_typesupport_c: rosidl_typesupport_fastrtps_c;rosidl_typesupport_introspection_c
[3.023s] -- Using all available rosidl_typesupport_cpp: rosidl_typesupport_fastrtps_cpp;rosidl_typesupport_introspection_cpp
[3.132s] -- Found rmw_implementation_cmake: 7.10.1 (/opt/ros/lyrical/share/rmw_implementation_cmake/cmake)
[3.138s] -- Found rmw_fastrtps_cpp: 9.4.8 (/opt/ros/lyrical/share/rmw_fastrtps_cpp/cmake)
[3.188s] -- Using RMW implementation 'rmw_fastrtps_cpp' as default
[3.290s] -- Found rclcpp_action: 32.0.0 (/opt/ros/lyrical/share/rclcpp_action/cmake)
[3.347s] -- Found control_msgs: 6.9.0 (/opt/ros/lyrical/share/control_msgs/cmake)
[3.497s] -- Found motion: 0.0.0 (/home/enzo/repos/atom-chess/simulation/install/motion/share/motion/cmake)
[3.591s] -- Configuring done (3.4s)
[3.618s] -- Generating done (0.0s)
[3.675s] -- Build files have been written to: /home/enzo/repos/atom-chess/simulation/build/atom_control
[3.683s] Invoked command in '/home/enzo/repos/atom-chess/simulation/build/atom_control' returned '0': AMENT_PREFIX_PATH=/home/enzo/repos/atom-chess/simulation/install/motion:${AMENT_PREFIX_PATH} CMAKE_PREFIX_PATH=/home/enzo/repos/atom-chess/simulation/install/motion:/home/enzo/repos/atom-chess/simulation/install/atom_description:/opt/ros/lyrical/opt/gz_sim_vendor:/opt/ros/lyrical/opt/gz_sensors_vendor:/opt/ros/lyrical/opt/gz_gui_vendor:/opt/ros/lyrical/opt/gz_transport_vendor:/opt/ros/lyrical/opt/gz_physics_vendor:/opt/ros/lyrical/opt/sdformat_vendor:/opt/ros/lyrical/opt/gz_rendering_vendor:/opt/ros/lyrical/opt/gz_plugin_vendor:/opt/ros/lyrical/opt/gz_fuel_tools_vendor:/opt/ros/lyrical/opt/gz_msgs_vendor:/opt/ros/lyrical/opt/gz_common_vendor:/opt/ros/lyrical/opt/gz_math_vendor:/opt/ros/lyrical/opt/gz_utils_vendor:/opt/ros/lyrical/opt/gz_tools_vendor:/opt/ros/lyrical/opt/gz_ogre_next_vendor:/opt/ros/lyrical/opt/gz_dartsim_vendor:/opt/ros/lyrical/opt/gz_cmake_vendor:/opt/ros/lyrical LD_LIBRARY_PATH=/home/enzo/repos/atom-chess/simulation/install/motion/lib:${LD_LIBRARY_PATH} /usr/bin/cmake /home/enzo/repos/atom-chess/simulation/src/atom_control -DAMENT_CMAKE_SYMLINK_INSTALL=1 -DCMAKE_INSTALL_PREFIX=/home/enzo/repos/atom-chess/simulation/install/atom_control
[3.685s] Invoking command in '/home/enzo/repos/atom-chess/simulation/build/atom_control': AMENT_PREFIX_PATH=/home/enzo/repos/atom-chess/simulation/install/motion:${AMENT_PREFIX_PATH} CMAKE_PREFIX_PATH=/home/enzo/repos/atom-chess/simulation/install/motion:/home/enzo/repos/atom-chess/simulation/install/atom_description:/opt/ros/lyrical/opt/gz_sim_vendor:/opt/ros/lyrical/opt/gz_sensors_vendor:/opt/ros/lyrical/opt/gz_gui_vendor:/opt/ros/lyrical/opt/gz_transport_vendor:/opt/ros/lyrical/opt/gz_physics_vendor:/opt/ros/lyrical/opt/sdformat_vendor:/opt/ros/lyrical/opt/gz_rendering_vendor:/opt/ros/lyrical/opt/gz_plugin_vendor:/opt/ros/lyrical/opt/gz_fuel_tools_vendor:/opt/ros/lyrical/opt/gz_msgs_vendor:/opt/ros/lyrical/opt/gz_common_vendor:/opt/ros/lyrical/opt/gz_math_vendor:/opt/ros/lyrical/opt/gz_utils_vendor:/opt/ros/lyrical/opt/gz_tools_vendor:/opt/ros/lyrical/opt/gz_ogre_next_vendor:/opt/ros/lyrical/opt/gz_dartsim_vendor:/opt/ros/lyrical/opt/gz_cmake_vendor:/opt/ros/lyrical LD_LIBRARY_PATH=/home/enzo/repos/atom-chess/simulation/install/motion/lib:${LD_LIBRARY_PATH} /usr/bin/cmake --build /home/enzo/repos/atom-chess/simulation/build/atom_control -- -j12 -l12
[3.744s] [ 50%] [32mBuilding CXX object CMakeFiles/scara_commander.dir/src/scara_commander.cpp.o[0m
[12.664s] [100%] [1m[32mLinking CXX executable scara_commander[0m
[13.246s] [100%] Built target scara_commander
[13.261s] Invoked command in '/home/enzo/repos/atom-chess/simulation/build/atom_control' returned '0': AMENT_PREFIX_PATH=/home/enzo/repos/atom-chess/simulation/install/motion:${AMENT_PREFIX_PATH} CMAKE_PREFIX_PATH=/home/enzo/repos/atom-chess/simulation/install/motion:/home/enzo/repos/atom-chess/simulation/install/atom_description:/opt/ros/lyrical/opt/gz_sim_vendor:/opt/ros/lyrical/opt/gz_sensors_vendor:/opt/ros/lyrical/opt/gz_gui_vendor:/opt/ros/lyrical/opt/gz_transport_vendor:/opt/ros/lyrical/opt/gz_physics_vendor:/opt/ros/lyrical/opt/sdformat_vendor:/opt/ros/lyrical/opt/gz_rendering_vendor:/opt/ros/lyrical/opt/gz_plugin_vendor:/opt/ros/lyrical/opt/gz_fuel_tools_vendor:/opt/ros/lyrical/opt/gz_msgs_vendor:/opt/ros/lyrical/opt/gz_common_vendor:/opt/ros/lyrical/opt/gz_math_vendor:/opt/ros/lyrical/opt/gz_utils_vendor:/opt/ros/lyrical/opt/gz_tools_vendor:/opt/ros/lyrical/opt/gz_ogre_next_vendor:/opt/ros/lyrical/opt/gz_dartsim_vendor:/opt/ros/lyrical/opt/gz_cmake_vendor:/opt/ros/lyrical LD_LIBRARY_PATH=/home/enzo/repos/atom-chess/simulation/install/motion/lib:${LD_LIBRARY_PATH} /usr/bin/cmake --build /home/enzo/repos/atom-chess/simulation/build/atom_control -- -j12 -l12
[13.273s] Invoking command in '/home/enzo/repos/atom-chess/simulation/build/atom_control': AMENT_PREFIX_PATH=/home/enzo/repos/atom-chess/simulation/install/motion:${AMENT_PREFIX_PATH} CMAKE_PREFIX_PATH=/home/enzo/repos/atom-chess/simulation/install/motion:/home/enzo/repos/atom-chess/simulation/install/atom_description:/opt/ros/lyrical/opt/gz_sim_vendor:/opt/ros/lyrical/opt/gz_sensors_vendor:/opt/ros/lyrical/opt/gz_gui_vendor:/opt/ros/lyrical/opt/gz_transport_vendor:/opt/ros/lyrical/opt/gz_physics_vendor:/opt/ros/lyrical/opt/sdformat_vendor:/opt/ros/lyrical/opt/gz_rendering_vendor:/opt/ros/lyrical/opt/gz_plugin_vendor:/opt/ros/lyrical/opt/gz_fuel_tools_vendor:/opt/ros/lyrical/opt/gz_msgs_vendor:/opt/ros/lyrical/opt/gz_common_vendor:/opt/ros/lyrical/opt/gz_math_vendor:/opt/ros/lyrical/opt/gz_utils_vendor:/opt/ros/lyrical/opt/gz_tools_vendor:/opt/ros/lyrical/opt/gz_ogre_next_vendor:/opt/ros/lyrical/opt/gz_dartsim_vendor:/opt/ros/lyrical/opt/gz_cmake_vendor:/opt/ros/lyrical LD_LIBRARY_PATH=/home/enzo/repos/atom-chess/simulation/install/motion/lib:${LD_LIBRARY_PATH} /usr/bin/cmake --install /home/enzo/repos/atom-chess/simulation/build/atom_control
[13.281s] -- Install configuration: ""
[13.282s] -- Execute custom install script
[13.283s] -- Symlinking: /home/enzo/repos/atom-chess/simulation/install/atom_control/lib/atom_control/scara_commander
[13.297s] -- Symlinking: /home/enzo/repos/atom-chess/simulation/install/atom_control/share/atom_control//config/scara_arm_controller/follow_joint_trajectory/controllers.yaml
[13.309s] -- Symlinking: /home/enzo/repos/atom-chess/simulation/install/atom_control/share/atom_control//launch/robot_sim.launch.py
[13.321s] -- Symlinking: /home/enzo/repos/atom-chess/simulation/install/atom_control/share/ament_index/resource_index/package_run_dependencies/atom_control
[13.333s] -- Symlinking: /home/enzo/repos/atom-chess/simulation/install/atom_control/share/ament_index/resource_index/parent_prefix_path/atom_control
[13.344s] -- Symlinking: /home/enzo/repos/atom-chess/simulation/install/atom_control/share/atom_control/environment/ament_prefix_path.sh
[13.355s] -- Symlinking: /home/enzo/repos/atom-chess/simulation/install/atom_control/share/atom_control/environment/ament_prefix_path.dsv
[13.366s] -- Symlinking: /home/enzo/repos/atom-chess/simulation/install/atom_control/share/atom_control/environment/path.sh
[13.377s] -- Symlinking: /home/enzo/repos/atom-chess/simulation/install/atom_control/share/atom_control/environment/path.dsv
[13.388s] -- Symlinking: /home/enzo/repos/atom-chess/simulation/install/atom_control/share/atom_control/local_setup.bash
[13.399s] -- Symlinking: /home/enzo/repos/atom-chess/simulation/install/atom_control/share/atom_control/local_setup.fish
[13.410s] -- Symlinking: /home/enzo/repos/atom-chess/simulation/install/atom_control/share/atom_control/local_setup.sh
[13.421s] -- Symlinking: /home/enzo/repos/atom-chess/simulation/install/atom_control/share/atom_control/local_setup.zsh
[13.432s] -- Symlinking: /home/enzo/repos/atom-chess/simulation/install/atom_control/share/atom_control/local_setup.dsv
[13.443s] -- Symlinking: /home/enzo/repos/atom-chess/simulation/install/atom_control/share/atom_control/package.dsv
[13.454s] -- Symlinking: /home/enzo/repos/atom-chess/simulation/install/atom_control/share/ament_index/resource_index/packages/atom_control
[13.466s] -- Symlinking: /home/enzo/repos/atom-chess/simulation/install/atom_control/share/atom_control/cmake/atom_controlConfig.cmake
[13.477s] -- Symlinking: /home/enzo/repos/atom-chess/simulation/install/atom_control/share/atom_control/cmake/atom_controlConfig-version.cmake
[13.488s] -- Symlinking: /home/enzo/repos/atom-chess/simulation/install/atom_control/share/atom_control/package.xml
[13.501s] Invoked command in '/home/enzo/repos/atom-chess/simulation/build/atom_control' returned '0': AMENT_PREFIX_PATH=/home/enzo/repos/atom-chess/simulation/install/motion:${AMENT_PREFIX_PATH} CMAKE_PREFIX_PATH=/home/enzo/repos/atom-chess/simulation/install/motion:/home/enzo/repos/atom-chess/simulation/install/atom_description:/opt/ros/lyrical/opt/gz_sim_vendor:/opt/ros/lyrical/opt/gz_sensors_vendor:/opt/ros/lyrical/opt/gz_gui_vendor:/opt/ros/lyrical/opt/gz_transport_vendor:/opt/ros/lyrical/opt/gz_physics_vendor:/opt/ros/lyrical/opt/sdformat_vendor:/opt/ros/lyrical/opt/gz_rendering_vendor:/opt/ros/lyrical/opt/gz_plugin_vendor:/opt/ros/lyrical/opt/gz_fuel_tools_vendor:/opt/ros/lyrical/opt/gz_msgs_vendor:/opt/ros/lyrical/opt/gz_common_vendor:/opt/ros/lyrical/opt/gz_math_vendor:/opt/ros/lyrical/opt/gz_utils_vendor:/opt/ros/lyrical/opt/gz_tools_vendor:/opt/ros/lyrical/opt/gz_ogre_next_vendor:/opt/ros/lyrical/opt/gz_dartsim_vendor:/opt/ros/lyrical/opt/gz_cmake_vendor:/opt/ros/lyrical LD_LIBRARY_PATH=/home/enzo/repos/atom-chess/simulation/install/motion/lib:${LD_LIBRARY_PATH} /usr/bin/cmake --install /home/enzo/repos/atom-chess/simulation/build/atom_control
