[-1783780686407238656.000s] DEBUG:colcon:Command line arguments: ['/usr/bin/colcon', 'build', '--symlink-install']
[-1783780686407238656.000s] DEBUG:colcon:Parsed command line arguments: Namespace(log_base=None, log_level=None, verb_name='build', build_base='build', install_base='install', merge_install=False, symlink_install=True, test_result_base=None, continue_on_error=False, executor='parallel', parallel_workers=12, event_handlers=None, ignore_user_meta=False, metas=['./colcon.meta'], base_paths=['.'], packages_ignore=None, packages_ignore_regex=None, paths=None, packages_up_to=None, packages_up_to_regex=None, packages_above=None, packages_above_and_dependencies=None, packages_above_depth=None, packages_select_by_dep=None, packages_skip_by_dep=None, packages_skip_up_to=None, packages_select_build_failed=False, packages_skip_build_finished=False, packages_select_test_failures=False, packages_skip_test_passed=False, packages_select=None, packages_skip=None, packages_select_regex=None, packages_skip_regex=None, packages_start=None, packages_end=None, allow_overriding=[], cmake_args=None, cmake_target=None, cmake_target_skip_unavailable=False, cmake_clean_cache=False, cmake_clean_first=False, cmake_force_configure=False, ament_cmake_args=None, catkin_cmake_args=None, catkin_skip_building_tests=False, verb_parser=<colcon_defaults.argument_parser.defaults.DefaultArgumentsDecorator object at 0x77ecc1977b10>, verb_extension=<colcon_core.verb.build.BuildVerb object at 0x77ecc194acf0>, main=<bound method BuildVerb.main of <colcon_core.verb.build.BuildVerb object at 0x77ecc194acf0>>)
[-1783780686407238656.000s] Level 1:colcon.colcon_core.package_discovery:discover_packages(colcon_meta) check parameters
[-1783780686407238656.000s] Level 1:colcon.colcon_core.package_discovery:discover_packages(recursive) check parameters
[-1783780686407238656.000s] Level 1:colcon.colcon_core.package_discovery:discover_packages(ignore) check parameters
[-1783780686407238656.000s] Level 1:colcon.colcon_core.package_discovery:discover_packages(path) check parameters
[-1783780686407238656.000s] Level 1:colcon.colcon_core.package_discovery:discover_packages(colcon_meta) discover
[-1783780686407238656.000s] Level 1:colcon.colcon_core.package_discovery:discover_packages(recursive) discover
[-1783780686407238656.000s] INFO:colcon.colcon_core.package_discovery:Crawling recursively for packages in '/home/enzo/repos/atom-chess'
[-1783780686407238656.000s] Level 1:colcon.colcon_core.package_identification:_identify(.) by extensions ['ignore', 'ignore_ament_install']
[-1783780686407238656.000s] Level 1:colcon.colcon_core.package_identification:_identify(.) by extension 'ignore'
[-1783780686407238656.000s] Level 1:colcon.colcon_core.package_identification:_identify(.) by extension 'ignore_ament_install'
[-1783780686407238656.000s] Level 1:colcon.colcon_core.package_identification:_identify(.) by extensions ['colcon_pkg']
[-1783780686407238656.000s] Level 1:colcon.colcon_core.package_identification:_identify(.) by extension 'colcon_pkg'
[-1783780686407238656.000s] Level 1:colcon.colcon_core.package_identification:_identify(.) by extensions ['colcon_meta']
[-1783780686407238656.000s] Level 1:colcon.colcon_core.package_identification:_identify(.) by extension 'colcon_meta'
[-1783780686407238656.000s] Level 1:colcon.colcon_core.package_identification:_identify(.) by extensions ['ros']
[-1783780686407238656.000s] Level 1:colcon.colcon_core.package_identification:_identify(.) by extension 'ros'
[-1783780686407238656.000s] Level 1:colcon.colcon_core.package_identification:_identify(.) by extensions ['cmake', 'python']
[-1783780686407238656.000s] Level 1:colcon.colcon_core.package_identification:_identify(.) by extension 'cmake'
[-1783780686407238656.000s] Level 1:colcon.colcon_core.package_identification:_identify(.) by extension 'python'
[-1783780686407238656.000s] DEBUG:colcon.colcon_core.package_identification:Package '.' with type 'cmake' and name 'ATOMChess'
[-1783780686407238656.000s] Level 1:colcon.colcon_core.package_discovery:discover_packages(recursive) using defaults
[-1783780686407238656.000s] Level 1:colcon.colcon_core.package_discovery:discover_packages(ignore) discover
[-1783780686407238656.000s] Level 1:colcon.colcon_core.package_discovery:discover_packages(ignore) using defaults
[-1783780686407238656.000s] Level 1:colcon.colcon_core.package_discovery:discover_packages(path) discover
[-1783780686407238656.000s] Level 1:colcon.colcon_core.package_discovery:discover_packages(path) using defaults
[-1783780686407238656.000s] Level 1:colcon.colcon_core.package_discovery:discover_packages(prefix_path) check parameters
[-1783780686407238656.000s] Level 1:colcon.colcon_core.package_discovery:discover_packages(prefix_path) discover
[-1783780686407238656.000s] DEBUG:colcon.colcon_installed_package_information.package_discovery:Found 385 installed packages in /opt/ros/lyrical
[-1783780686407238656.000s] Level 1:colcon.colcon_core.package_discovery:discover_packages(prefix_path) using defaults
[-1783780686407238656.000s] Level 5:colcon.colcon_core.verb:set package 'ATOMChess' build argument 'cmake_args' from command line to 'None'
[-1783780686407238656.000s] Level 5:colcon.colcon_core.verb:set package 'ATOMChess' build argument 'cmake_target' from command line to 'None'
[-1783780686407238656.000s] Level 5:colcon.colcon_core.verb:set package 'ATOMChess' build argument 'cmake_target_skip_unavailable' from command line to 'False'
[-1783780686407238656.000s] Level 5:colcon.colcon_core.verb:set package 'ATOMChess' build argument 'cmake_clean_cache' from command line to 'False'
[-1783780686407238656.000s] Level 5:colcon.colcon_core.verb:set package 'ATOMChess' build argument 'cmake_clean_first' from command line to 'False'
[-1783780686407238656.000s] Level 5:colcon.colcon_core.verb:set package 'ATOMChess' build argument 'cmake_force_configure' from command line to 'False'
[-1783780686407238656.000s] Level 5:colcon.colcon_core.verb:set package 'ATOMChess' build argument 'ament_cmake_args' from command line to 'None'
[-1783780686407238656.000s] Level 5:colcon.colcon_core.verb:set package 'ATOMChess' build argument 'catkin_cmake_args' from command line to 'None'
[-1783780686407238656.000s] Level 5:colcon.colcon_core.verb:set package 'ATOMChess' build argument 'catkin_skip_building_tests' from command line to 'False'
[-1783780686407238656.000s] DEBUG:colcon.colcon_core.verb:Building package 'ATOMChess' with the following arguments: {'ament_cmake_args': None, 'build_base': '/home/enzo/repos/atom-chess/build/ATOMChess', 'catkin_cmake_args': None, 'catkin_skip_building_tests': False, 'cmake_args': None, 'cmake_clean_cache': False, 'cmake_clean_first': False, 'cmake_force_configure': False, 'cmake_target': None, 'cmake_target_skip_unavailable': False, 'install_base': '/home/enzo/repos/atom-chess/install/ATOMChess', 'merge_install': False, 'path': '/home/enzo/repos/atom-chess', 'symlink_install': True, 'test_result_base': None}
[-1783780686407238656.000s] INFO:colcon.colcon_core.executor:Executing jobs using 'parallel' executor
[-1783780686407238656.000s] DEBUG:colcon.colcon_parallel_executor.executor.parallel:run_until_complete
[-1783780686407238656.000s] INFO:colcon.colcon_cmake.task.cmake.build:Building CMake package in '/home/enzo/repos/atom-chess'
[-1783780686407238656.000s] INFO:colcon.colcon_core.plugin_system:Skipping extension 'colcon_core.shell.bat': Not used on non-Windows systems
[-1783780686407238656.000s] INFO:colcon.colcon_core.shell:Skip shell extension 'powershell' for command environment: Not usable outside of PowerShell
[-1783780686407238656.000s] DEBUG:colcon.colcon_core.shell:Skip shell extension 'dsv' for command environment
[-1783780686407238656.000s] DEBUG:colcon.colcon_core.event_handler.log_command:Invoking command in '/home/enzo/repos/atom-chess/build/ATOMChess': /usr/bin/cmake /home/enzo/repos/atom-chess -DCMAKE_INSTALL_PREFIX=/home/enzo/repos/atom-chess/install/ATOMChess
[-1783780686407238656.000s] DEBUG:colcon.colcon_core.event_handler.log_command:Invoked command in '/home/enzo/repos/atom-chess/build/ATOMChess' returned '1': /usr/bin/cmake /home/enzo/repos/atom-chess -DCMAKE_INSTALL_PREFIX=/home/enzo/repos/atom-chess/install/ATOMChess
[-1783780686407238656.000s] DEBUG:colcon.colcon_parallel_executor.executor.parallel:closing loop
[-1783780686407238656.000s] DEBUG:colcon.colcon_parallel_executor.executor.parallel:loop closed
[-1783780686407238656.000s] DEBUG:colcon.colcon_parallel_executor.executor.parallel:run_until_complete finished with '1'
[-1783780686407238656.000s] DEBUG:colcon.colcon_core.event_reactor:joining thread
[-1783780686407238656.000s] INFO:colcon.colcon_core.plugin_system:Skipping extension 'colcon_notification.desktop_notification.notify_send': Could not find 'notify-send'
[-1783780686407238656.000s] INFO:colcon.colcon_core.plugin_system:Skipping extension 'colcon_notification.desktop_notification.terminal_notifier': Not used on non-Darwin systems
[-1783780686407238656.000s] INFO:colcon.colcon_core.plugin_system:Skipping extension 'colcon_notification.desktop_notification.win32': Not used on non-Windows systems
[-1783780686407238656.000s] INFO:colcon.colcon_notification.desktop_notification:Sending desktop notification using 'notify2'
[-1783780686407238656.000s] DEBUG:colcon.colcon_notification.desktop_notification.notify2:Failed to initialize notify2: org.freedesktop.DBus.Error.ServiceUnknown: The name org.freedesktop.Notifications was not provided by any .service files
[-1783780686407238656.000s] DEBUG:colcon.colcon_core.event_reactor:joined thread
[-1783780686407238656.000s] INFO:colcon.colcon_core.shell:Creating prefix script '/home/enzo/repos/atom-chess/install/local_setup.ps1'
[-1783780686407238656.000s] INFO:colcon.colcon_core.shell:Creating prefix util module '/home/enzo/repos/atom-chess/install/_local_setup_util_ps1.py'
[-1783780686407238656.000s] INFO:colcon.colcon_core.shell:Creating prefix chain script '/home/enzo/repos/atom-chess/install/setup.ps1'
[-1783780686407238656.000s] INFO:colcon.colcon_core.shell:Creating prefix script '/home/enzo/repos/atom-chess/install/local_setup.sh'
[-1783780686407238656.000s] INFO:colcon.colcon_core.shell:Creating prefix util module '/home/enzo/repos/atom-chess/install/_local_setup_util_sh.py'
[-1783780686407238656.000s] INFO:colcon.colcon_core.shell:Creating prefix chain script '/home/enzo/repos/atom-chess/install/setup.sh'
[-1783780686407238656.000s] INFO:colcon.colcon_core.shell:Creating prefix script '/home/enzo/repos/atom-chess/install/local_setup.bash'
[-1783780686407238656.000s] INFO:colcon.colcon_core.shell:Creating prefix chain script '/home/enzo/repos/atom-chess/install/setup.bash'
[-1783780686407238656.000s] INFO:colcon.colcon_core.shell:Creating prefix script '/home/enzo/repos/atom-chess/install/local_setup.zsh'
[-1783780686407238656.000s] INFO:colcon.colcon_core.shell:Creating prefix chain script '/home/enzo/repos/atom-chess/install/setup.zsh'
