[0.018s] Invoking command in '/home/enzo/repos/atom-chess/simulation/build/atom_control': CMAKE_PREFIX_PATH=${CMAKE_PREFIX_PATH}:/opt/ros/lyrical /usr/bin/cmake /home/enzo/repos/atom-chess/simulation/src/atom_control -DAMENT_CMAKE_SYMLINK_INSTALL=1 -DCMAKE_INSTALL_PREFIX=/home/enzo/repos/atom-chess/simulation/install/atom_control
[0.076s] -- Found ament_cmake: 2.8.7 (/opt/ros/lyrical/share/ament_cmake/cmake)
[0.278s] -- Override CMake install command with custom implementation using symlinks instead of copying resources
[0.297s] -- Found rclcpp: 32.0.0 (/opt/ros/lyrical/share/rclcpp/cmake)
[0.340s] -- Found rosidl_generator_c: 5.2.1 (/opt/ros/lyrical/share/rosidl_generator_c/cmake)
[0.347s] -- Found rosidl_generator_cpp: 5.2.1 (/opt/ros/lyrical/share/rosidl_generator_cpp/cmake)
[0.363s] -- Using all available rosidl_typesupport_c: rosidl_typesupport_fastrtps_c;rosidl_typesupport_introspection_c
[0.378s] -- Using all available rosidl_typesupport_cpp: rosidl_typesupport_fastrtps_cpp;rosidl_typesupport_introspection_cpp
[0.464s] -- Found rmw_implementation_cmake: 7.10.1 (/opt/ros/lyrical/share/rmw_implementation_cmake/cmake)
[0.467s] -- Found rmw_fastrtps_cpp: 9.4.8 (/opt/ros/lyrical/share/rmw_fastrtps_cpp/cmake)
[0.509s] -- Using RMW implementation 'rmw_fastrtps_cpp' as default
[0.595s] -- Found rclcpp_action: 32.0.0 (/opt/ros/lyrical/share/rclcpp_action/cmake)
[0.650s] -- Found control_msgs: 6.9.0 (/opt/ros/lyrical/share/control_msgs/cmake)
[2.665s] [31mCMake Error at CMakeLists.txt:15 (find_package):
[2.665s]   By not providing "Findmotion.cmake" in CMAKE_MODULE_PATH this project has
[2.665s]   asked CMake to find a package configuration file provided by "motion", but
[2.665s]   CMake did not find one.
[2.665s] 
[2.665s]   Could not find a package configuration file provided by "motion" with any
[2.665s]   of the following names:
[2.665s] 
[2.665s]     motionConfig.cmake
[2.665s]     motion-config.cmake
[2.666s] 
[2.666s]   Add the installation prefix of "motion" to CMAKE_PREFIX_PATH or set
[2.666s]   "motion_DIR" to a directory containing one of the above files.  If "motion"
[2.666s]   provides a separate development package or SDK, be sure it has been
[2.666s]   installed.
[2.666s] 
[2.666s] [0m
[2.666s] -- Configuring incomplete, errors occurred!
[2.673s] Invoked command in '/home/enzo/repos/atom-chess/simulation/build/atom_control' returned '1': CMAKE_PREFIX_PATH=${CMAKE_PREFIX_PATH}:/opt/ros/lyrical /usr/bin/cmake /home/enzo/repos/atom-chess/simulation/src/atom_control -DAMENT_CMAKE_SYMLINK_INSTALL=1 -DCMAKE_INSTALL_PREFIX=/home/enzo/repos/atom-chess/simulation/install/atom_control
